<?xml version="1.0" encoding="UTF-8"?>
<!-- Generated by org.testng.reporters.JUnitXMLReporter -->
<testsuite ignored="0" hostname="LAPTOP-9NE0LV8V" failures="2" tests="2" name="Default test" time="1.168" errors="0" timestamp="2024-09-16T10:44:39 IST">
  <testcase classname="com.test.SeleniumGrid" name="login" time="1.015">
    <failure type="org.openqa.selenium.WebDriverException" message="Unable to parse remote response: &amp;lt;!DOCTYPE html&amp;gt;
&amp;lt;html lang=&amp;quot;en&amp;quot;&amp;gt;
&amp;lt;head&amp;gt;
  &amp;lt;meta charset=&amp;quot;UTF-8&amp;quot;&amp;gt;
  &amp;lt;link rel=&amp;quot;stylesheet&amp;quot; type=&amp;quot;text/css&amp;quot; href=&amp;quot;/assets/displayhelpservlet.css&amp;quot; media=&amp;quot;all&amp;quot;/&amp;gt;
  &amp;lt;link href=&amp;quot;/assets/favicon.ico&amp;quot; rel=&amp;quot;icon&amp;quot; type=&amp;quot;image/x-icon&amp;quot; /&amp;gt;
  &amp;lt;script src=&amp;quot;/assets/jquery-3.1.1.min.js&amp;quot; type=&amp;quot;text/javascript&amp;quot;&amp;gt;&amp;lt;/script&amp;gt;
  &amp;lt;script src=&amp;quot;/assets/displayhelpservlet.js&amp;quot; type=&amp;quot;text/javascript&amp;quot;&amp;gt;&amp;lt;/script&amp;gt;
  &amp;lt;script type=&amp;quot;text/javascript&amp;quot;&amp;gt;
    var json = Object.freeze(&amp;apos;{&amp;quot;consoleLink&amp;quot;: &amp;quot;\u002fgrid\u002fconsole&amp;quot;,&amp;quot;type&amp;quot;: &amp;quot;Grid Hub&amp;quot;,&amp;quot;class&amp;quot;: &amp;quot;org.openqa.grid.web.servlet.DisplayHelpHandler$DisplayHelpServletConfig&amp;quot;,&amp;quot;version&amp;quot;: &amp;quot;3.141.59&amp;quot;}&amp;apos;);
  &amp;lt;/script&amp;gt;
&amp;lt;/head&amp;gt;
&amp;lt;body&amp;gt;

&amp;lt;div id=&amp;quot;content&amp;quot;&amp;gt;
  &amp;lt;div id=&amp;quot;help-heading&amp;quot;&amp;gt;
    &amp;lt;h1&amp;gt;&amp;lt;span id=&amp;quot;logo&amp;quot;&amp;gt;&amp;lt;/span&amp;gt;&amp;lt;/h1&amp;gt;
    &amp;lt;h2&amp;gt;Selenium &amp;lt;span class=&amp;quot;se-type&amp;quot;&amp;gt;&amp;lt;/span&amp;gt;&amp;amp;nbsp;v.&amp;lt;span class=&amp;quot;se-version&amp;quot;&amp;gt;&amp;lt;/span&amp;gt;&amp;lt;/h2&amp;gt;
  &amp;lt;/div&amp;gt;

  &amp;lt;div id=&amp;quot;content-body&amp;quot;&amp;gt;
    &amp;lt;p&amp;gt;
      Whoops! The URL specified routes to this help page.
    &amp;lt;/p&amp;gt;
    &amp;lt;p&amp;gt;
      For more information about Selenium &amp;lt;span class=&amp;quot;se-type&amp;quot;&amp;gt;&amp;lt;/span&amp;gt; please see the
      &amp;lt;a class=&amp;quot;se-docs&amp;quot;&amp;gt;docs&amp;lt;/a&amp;gt; and/or visit the &amp;lt;a class=&amp;quot;se-wiki&amp;quot;&amp;gt;wiki&amp;lt;/a&amp;gt;.
      &amp;lt;span id=&amp;quot;console-item&amp;quot;&amp;gt;
        Or perhaps you are looking for the Selenium &amp;lt;span class=&amp;quot;se-type&amp;quot;&amp;gt;&amp;lt;/span&amp;gt; &amp;lt;a class=&amp;quot;se-console&amp;quot;&amp;gt;console&amp;lt;/a&amp;gt;.
      &amp;lt;/span&amp;gt;
    &amp;lt;/p&amp;gt;
    &amp;lt;p&amp;gt;
      Happy Testing!
    &amp;lt;/p&amp;gt;
  &amp;lt;/div&amp;gt;

  &amp;lt;div&amp;gt;
    &amp;lt;footer id=&amp;quot;help-footer&amp;quot;&amp;gt;
      Selenium is made possible through the efforts of our open source community, contributions from
      these &amp;lt;a href=&amp;quot;https://github.com/SeleniumHQ/selenium/blob/master/AUTHORS&amp;quot;&amp;gt;people&amp;lt;/a&amp;gt;, and our
      &amp;lt;a href=&amp;quot;http://www.seleniumhq.org/sponsors/&amp;quot;&amp;gt;sponsors&amp;lt;/a&amp;gt;.
   &amp;lt;/footer&amp;gt;
  &amp;lt;/div&amp;gt;
 &amp;lt;/div&amp;gt;

&amp;lt;/body&amp;gt;
&amp;lt;/html&amp;gt;">
      <![CDATA[org.openqa.selenium.WebDriverException: Unable to parse remote response: <!DOCTYPE html>
<html lang="en">
<head>
  <meta charset="UTF-8">
  <link rel="stylesheet" type="text/css" href="/assets/displayhelpservlet.css" media="all"/>
  <link href="/assets/favicon.ico" rel="icon" type="image/x-icon" />
  <script src="/assets/jquery-3.1.1.min.js" type="text/javascript"></script>
  <script src="/assets/displayhelpservlet.js" type="text/javascript"></script>
  <script type="text/javascript">
    var json = Object.freeze('{"consoleLink": "\u002fgrid\u002fconsole","type": "Grid Hub","class": "org.openqa.grid.web.servlet.DisplayHelpHandler$DisplayHelpServletConfig","version": "3.141.59"}');
  </script>
</head>
<body>

<div id="content">
  <div id="help-heading">
    <h1><span id="logo"></span></h1>
    <h2>Selenium <span class="se-type"></span>&nbsp;v.<span class="se-version"></span></h2>
  </div>

  <div id="content-body">
    <p>
      Whoops! The URL specified routes to this help page.
    </p>
    <p>
      For more information about Selenium <span class="se-type"></span> please see the
      <a class="se-docs">docs</a> and/or visit the <a class="se-wiki">wiki</a>.
      <span id="console-item">
        Or perhaps you are looking for the Selenium <span class="se-type"></span> <a class="se-console">console</a>.
      </span>
    </p>
    <p>
      Happy Testing!
    </p>
  </div>

  <div>
    <footer id="help-footer">
      Selenium is made possible through the efforts of our open source community, contributions from
      these <a href="https://github.com/SeleniumHQ/selenium/blob/master/AUTHORS">people</a>, and our
      <a href="http://www.seleniumhq.org/sponsors/">sponsors</a>.
   </footer>
  </div>
 </div>

</body>
</html>
at org.openqa.selenium.remote.ProtocolHandshake.createSession(ProtocolHandshake.java:112)
at org.openqa.selenium.remote.ProtocolHandshake.createSession(ProtocolHandshake.java:74)
at org.openqa.selenium.remote.HttpCommandExecutor.execute(HttpCommandExecutor.java:136)
at org.openqa.selenium.remote.RemoteWebDriver.execute(RemoteWebDriver.java:552)
at org.openqa.selenium.remote.RemoteWebDriver.startSession(RemoteWebDriver.java:213)
at org.openqa.selenium.remote.RemoteWebDriver.<init>(RemoteWebDriver.java:131)
at org.openqa.selenium.remote.RemoteWebDriver.<init>(RemoteWebDriver.java:144)
at com.test.SeleniumGrid.login(SeleniumGrid.java:37)
at java.base/jdk.internal.reflect.NativeMethodAccessorImpl.invoke0(Native Method)
at java.base/jdk.internal.reflect.NativeMethodAccessorImpl.invoke(NativeMethodAccessorImpl.java:77)
at java.base/jdk.internal.reflect.DelegatingMethodAccessorImpl.invoke(DelegatingMethodAccessorImpl.java:43)
at java.base/java.lang.reflect.Method.invoke(Method.java:568)
at org.testng.internal.invokers.MethodInvocationHelper.invokeMethod(MethodInvocationHelper.java:139)
at org.testng.internal.invokers.TestInvoker.invokeMethod(TestInvoker.java:677)
at org.testng.internal.invokers.TestInvoker.invokeTestMethod(TestInvoker.java:221)
at org.testng.internal.invokers.TestMethodWithDataProviderMethodWorker.call(TestMethodWithDataProviderMethodWorker.java:80)
at org.testng.internal.invokers.TestMethodWithDataProviderMethodWorker.call(TestMethodWithDataProviderMethodWorker.java:17)
at java.base/java.util.concurrent.FutureTask.run(FutureTask.java:264)
at java.base/java.util.concurrent.Executors$RunnableAdapter.call(Executors.java:539)
at java.base/java.util.concurrent.FutureTask.run(FutureTask.java:264)
at java.base/java.util.concurrent.ThreadPoolExecutor.runWorker(ThreadPoolExecutor.java:1136)
at java.base/java.util.concurrent.ThreadPoolExecutor$Worker.run(ThreadPoolExecutor.java:635)
at java.base/java.lang.Thread.run(Thread.java:840)
Caused by: org.openqa.selenium.json.JsonException: Unable to determine type from: <. Last 1 characters read: <
Build info: version: '3.141.5', revision: 'd54ebd709a', time: '2018-11-06T11:42:16'
System info: host: 'LAPTOP-9NE0LV8V', ip: '192.168.29.149', os.name: 'Windows 10', os.arch: 'amd64', os.version: '10.0', java.version: '17.0.9'
Driver info: driver.version: RemoteWebDriver
at org.openqa.selenium.json.JsonInput.peek(JsonInput.java:122)
at org.openqa.selenium.json.JsonTypeCoercer.lambda$null$6(JsonTypeCoercer.java:140)
at org.openqa.selenium.json.JsonTypeCoercer.coerce(JsonTypeCoercer.java:126)
at org.openqa.selenium.json.Json.toType(Json.java:69)
at org.openqa.selenium.json.Json.toType(Json.java:55)
at org.openqa.selenium.json.Json.toType(Json.java:50)
at org.openqa.selenium.remote.ProtocolHandshake.createSession(ProtocolHandshake.java:109)
... 22 more
]]>
    </failure>
  </testcase> <!-- login -->
  <testcase classname="com.test.SeleniumGrid" name="login" time="1.02">
    <failure type="org.openqa.selenium.WebDriverException" message="Unable to parse remote response: &amp;lt;!DOCTYPE html&amp;gt;
&amp;lt;html lang=&amp;quot;en&amp;quot;&amp;gt;
&amp;lt;head&amp;gt;
  &amp;lt;meta charset=&amp;quot;UTF-8&amp;quot;&amp;gt;
  &amp;lt;link rel=&amp;quot;stylesheet&amp;quot; type=&amp;quot;text/css&amp;quot; href=&amp;quot;/assets/displayhelpservlet.css&amp;quot; media=&amp;quot;all&amp;quot;/&amp;gt;
  &amp;lt;link href=&amp;quot;/assets/favicon.ico&amp;quot; rel=&amp;quot;icon&amp;quot; type=&amp;quot;image/x-icon&amp;quot; /&amp;gt;
  &amp;lt;script src=&amp;quot;/assets/jquery-3.1.1.min.js&amp;quot; type=&amp;quot;text/javascript&amp;quot;&amp;gt;&amp;lt;/script&amp;gt;
  &amp;lt;script src=&amp;quot;/assets/displayhelpservlet.js&amp;quot; type=&amp;quot;text/javascript&amp;quot;&amp;gt;&amp;lt;/script&amp;gt;
  &amp;lt;script type=&amp;quot;text/javascript&amp;quot;&amp;gt;
    var json = Object.freeze(&amp;apos;{&amp;quot;consoleLink&amp;quot;: &amp;quot;\u002fgrid\u002fconsole&amp;quot;,&amp;quot;type&amp;quot;: &amp;quot;Grid Hub&amp;quot;,&amp;quot;class&amp;quot;: &amp;quot;org.openqa.grid.web.servlet.DisplayHelpHandler$DisplayHelpServletConfig&amp;quot;,&amp;quot;version&amp;quot;: &amp;quot;3.141.59&amp;quot;}&amp;apos;);
  &amp;lt;/script&amp;gt;
&amp;lt;/head&amp;gt;
&amp;lt;body&amp;gt;

&amp;lt;div id=&amp;quot;content&amp;quot;&amp;gt;
  &amp;lt;div id=&amp;quot;help-heading&amp;quot;&amp;gt;
    &amp;lt;h1&amp;gt;&amp;lt;span id=&amp;quot;logo&amp;quot;&amp;gt;&amp;lt;/span&amp;gt;&amp;lt;/h1&amp;gt;
    &amp;lt;h2&amp;gt;Selenium &amp;lt;span class=&amp;quot;se-type&amp;quot;&amp;gt;&amp;lt;/span&amp;gt;&amp;amp;nbsp;v.&amp;lt;span class=&amp;quot;se-version&amp;quot;&amp;gt;&amp;lt;/span&amp;gt;&amp;lt;/h2&amp;gt;
  &amp;lt;/div&amp;gt;

  &amp;lt;div id=&amp;quot;content-body&amp;quot;&amp;gt;
    &amp;lt;p&amp;gt;
      Whoops! The URL specified routes to this help page.
    &amp;lt;/p&amp;gt;
    &amp;lt;p&amp;gt;
      For more information about Selenium &amp;lt;span class=&amp;quot;se-type&amp;quot;&amp;gt;&amp;lt;/span&amp;gt; please see the
      &amp;lt;a class=&amp;quot;se-docs&amp;quot;&amp;gt;docs&amp;lt;/a&amp;gt; and/or visit the &amp;lt;a class=&amp;quot;se-wiki&amp;quot;&amp;gt;wiki&amp;lt;/a&amp;gt;.
      &amp;lt;span id=&amp;quot;console-item&amp;quot;&amp;gt;
        Or perhaps you are looking for the Selenium &amp;lt;span class=&amp;quot;se-type&amp;quot;&amp;gt;&amp;lt;/span&amp;gt; &amp;lt;a class=&amp;quot;se-console&amp;quot;&amp;gt;console&amp;lt;/a&amp;gt;.
      &amp;lt;/span&amp;gt;
    &amp;lt;/p&amp;gt;
    &amp;lt;p&amp;gt;
      Happy Testing!
    &amp;lt;/p&amp;gt;
  &amp;lt;/div&amp;gt;

  &amp;lt;div&amp;gt;
    &amp;lt;footer id=&amp;quot;help-footer&amp;quot;&amp;gt;
      Selenium is made possible through the efforts of our open source community, contributions from
      these &amp;lt;a href=&amp;quot;https://github.com/SeleniumHQ/selenium/blob/master/AUTHORS&amp;quot;&amp;gt;people&amp;lt;/a&amp;gt;, and our
      &amp;lt;a href=&amp;quot;http://www.seleniumhq.org/sponsors/&amp;quot;&amp;gt;sponsors&amp;lt;/a&amp;gt;.
   &amp;lt;/footer&amp;gt;
  &amp;lt;/div&amp;gt;
 &amp;lt;/div&amp;gt;

&amp;lt;/body&amp;gt;
&amp;lt;/html&amp;gt;">
      <![CDATA[org.openqa.selenium.WebDriverException: Unable to parse remote response: <!DOCTYPE html>
<html lang="en">
<head>
  <meta charset="UTF-8">
  <link rel="stylesheet" type="text/css" href="/assets/displayhelpservlet.css" media="all"/>
  <link href="/assets/favicon.ico" rel="icon" type="image/x-icon" />
  <script src="/assets/jquery-3.1.1.min.js" type="text/javascript"></script>
  <script src="/assets/displayhelpservlet.js" type="text/javascript"></script>
  <script type="text/javascript">
    var json = Object.freeze('{"consoleLink": "\u002fgrid\u002fconsole","type": "Grid Hub","class": "org.openqa.grid.web.servlet.DisplayHelpHandler$DisplayHelpServletConfig","version": "3.141.59"}');
  </script>
</head>
<body>

<div id="content">
  <div id="help-heading">
    <h1><span id="logo"></span></h1>
    <h2>Selenium <span class="se-type"></span>&nbsp;v.<span class="se-version"></span></h2>
  </div>

  <div id="content-body">
    <p>
      Whoops! The URL specified routes to this help page.
    </p>
    <p>
      For more information about Selenium <span class="se-type"></span> please see the
      <a class="se-docs">docs</a> and/or visit the <a class="se-wiki">wiki</a>.
      <span id="console-item">
        Or perhaps you are looking for the Selenium <span class="se-type"></span> <a class="se-console">console</a>.
      </span>
    </p>
    <p>
      Happy Testing!
    </p>
  </div>

  <div>
    <footer id="help-footer">
      Selenium is made possible through the efforts of our open source community, contributions from
      these <a href="https://github.com/SeleniumHQ/selenium/blob/master/AUTHORS">people</a>, and our
      <a href="http://www.seleniumhq.org/sponsors/">sponsors</a>.
   </footer>
  </div>
 </div>

</body>
</html>
at org.openqa.selenium.remote.ProtocolHandshake.createSession(ProtocolHandshake.java:112)
at org.openqa.selenium.remote.ProtocolHandshake.createSession(ProtocolHandshake.java:74)
at org.openqa.selenium.remote.HttpCommandExecutor.execute(HttpCommandExecutor.java:136)
at org.openqa.selenium.remote.RemoteWebDriver.execute(RemoteWebDriver.java:552)
at org.openqa.selenium.remote.RemoteWebDriver.startSession(RemoteWebDriver.java:213)
at org.openqa.selenium.remote.RemoteWebDriver.<init>(RemoteWebDriver.java:131)
at org.openqa.selenium.remote.RemoteWebDriver.<init>(RemoteWebDriver.java:144)
at com.test.SeleniumGrid.login(SeleniumGrid.java:37)
at java.base/jdk.internal.reflect.NativeMethodAccessorImpl.invoke0(Native Method)
at java.base/jdk.internal.reflect.NativeMethodAccessorImpl.invoke(NativeMethodAccessorImpl.java:77)
at java.base/jdk.internal.reflect.DelegatingMethodAccessorImpl.invoke(DelegatingMethodAccessorImpl.java:43)
at java.base/java.lang.reflect.Method.invoke(Method.java:568)
at org.testng.internal.invokers.MethodInvocationHelper.invokeMethod(MethodInvocationHelper.java:139)
at org.testng.internal.invokers.TestInvoker.invokeMethod(TestInvoker.java:677)
at org.testng.internal.invokers.TestInvoker.invokeTestMethod(TestInvoker.java:221)
at org.testng.internal.invokers.TestMethodWithDataProviderMethodWorker.call(TestMethodWithDataProviderMethodWorker.java:80)
at org.testng.internal.invokers.TestMethodWithDataProviderMethodWorker.call(TestMethodWithDataProviderMethodWorker.java:17)
at java.base/java.util.concurrent.FutureTask.run(FutureTask.java:264)
at java.base/java.util.concurrent.Executors$RunnableAdapter.call(Executors.java:539)
at java.base/java.util.concurrent.FutureTask.run(FutureTask.java:264)
at java.base/java.util.concurrent.ThreadPoolExecutor.runWorker(ThreadPoolExecutor.java:1136)
at java.base/java.util.concurrent.ThreadPoolExecutor$Worker.run(ThreadPoolExecutor.java:635)
at java.base/java.lang.Thread.run(Thread.java:840)
Caused by: org.openqa.selenium.json.JsonException: Unable to determine type from: <. Last 1 characters read: <
Build info: version: '3.141.5', revision: 'd54ebd709a', time: '2018-11-06T11:42:16'
System info: host: 'LAPTOP-9NE0LV8V', ip: '192.168.29.149', os.name: 'Windows 10', os.arch: 'amd64', os.version: '10.0', java.version: '17.0.9'
Driver info: driver.version: RemoteWebDriver
at org.openqa.selenium.json.JsonInput.peek(JsonInput.java:122)
at org.openqa.selenium.json.JsonTypeCoercer.lambda$null$6(JsonTypeCoercer.java:140)
at org.openqa.selenium.json.JsonTypeCoercer.coerce(JsonTypeCoercer.java:126)
at org.openqa.selenium.json.Json.toType(Json.java:69)
at org.openqa.selenium.json.Json.toType(Json.java:55)
at org.openqa.selenium.json.Json.toType(Json.java:50)
at org.openqa.selenium.remote.ProtocolHandshake.createSession(ProtocolHandshake.java:109)
... 22 more
]]>
    </failure>
  </testcase> <!-- login -->
</testsuite> <!-- Default test -->
