<?xml version="1.0" encoding="UTF-8"?>
<!-- Generated by org.testng.reporters.JUnitXMLReporter -->
<testsuite ignored="3" hostname="LAPTOP-9NE0LV8V" failures="1" tests="3" name="Test(failed)" time="0.162" errors="0" timestamp="2024-09-14T13:14:52 IST">
  <testcase classname="com.test.TestNG2" name="d" time="0.019">
    <skipped/>
  </testcase> <!-- d -->
  <testcase classname="com.test.TestNG3" name="z" time="0.023">
    <failure type="java.lang.AssertionError" message="expected [true] but found [false]">
      <![CDATA[java.lang.AssertionError: expected [true] but found [false]
at com.test.TestNG3.z(TestNG3.java:10)
at java.base/java.util.ArrayList.forEach(ArrayList.java:1511)
... Removed 31 stack frames]]>
    </failure>
  </testcase> <!-- z -->
  <testcase classname="com.test.TestNG3" name="b" time="0.0">
    <skipped/>
  </testcase> <!-- b -->
  <testcase classname="com.test.TestNG2" name="b" time="0.0">
    <ignored/>
  </testcase> <!-- b -->
  <testcase classname="com.test.TestNG2" name="c" time="0.0">
    <ignored/>
  </testcase> <!-- c -->
  <testcase classname="com.test.TestNG2" name="a" time="0.0">
    <ignored/>
  </testcase> <!-- a -->
</testsuite> <!-- Test(failed) -->
