<?xml version="1.0" encoding="UTF-8"?>
<!-- Generated by org.testng.reporters.JUnitXMLReporter -->
<testsuite ignored="1" hostname="LAPTOP-9NE0LV8V" failures="1" tests="11" name="Test" time="85.615" errors="0" timestamp="2024-09-14T13:13:11 IST">
  <testcase classname="com.test.OpenTestNG" name="OpenUrl" time="30.246"/>
  <testcase classname="com.test.TestNG3" name="z" time="0.025">
    <failure type="java.lang.AssertionError" message="expected [true] but found [false]">
      <![CDATA[java.lang.AssertionError: expected [true] but found [false]
at com.test.TestNG3.z(TestNG3.java:10)
at java.base/java.util.ArrayList.forEach(ArrayList.java:1511)
... Removed 31 stack frames]]>
    </failure>
  </testcase> <!-- z -->
  <testcase classname="com.test.TestNG3" name="b" time="0.001">
    <skipped/>
  </testcase> <!-- b -->
  <testcase classname="com.test.TestNG2" name="c" time="0.002"/>
  <testcase classname="com.test.TestNG2" name="c" time="0.019"/>
  <testcase classname="com.test.TestNG2" name="b" time="0.006"/>
  <testcase classname="com.test.TestNG2" name="d" time="0.003">
    <skipped/>
  </testcase> <!-- d -->
  <testcase classname="com.test.TestNG1" name="a2" time="0.004"/>
  <testcase classname="com.test.TestNGRealTime" name="enterData" time="17.351"/>
  <testcase classname="com.test.TestNGRealTime" name="enterData" time="8.505"/>
  <testcase classname="com.test.TestNGRealTime" name="enterData" time="8.525"/>
  <testcase classname="com.test.TestNG2" name="a" time="0.0">
    <ignored/>
  </testcase> <!-- a -->
</testsuite> <!-- Test -->
